<?xml version="1.0" encoding="UTF-8"?>
<testng-results skipped="0" failed="0" ignored="0" total="1" passed="1">
  <reporter-output>
  </reporter-output>
  <suite name="Default suite" duration-ms="14597" started-at="2022-05-26T21:57:59 IST" finished-at="2022-05-26T21:58:13 IST">
    <groups>
    </groups>
    <test name="Default test" duration-ms="14597" started-at="2022-05-26T21:57:59 IST" finished-at="2022-05-26T21:58:13 IST">
      <class name="comGrid.MyGrid">
        <test-method status="PASS" signature="g()[pri:0, instance:comGrid.MyGrid@612679d6]" name="g" duration-ms="14512" started-at="2022-05-26T21:57:59 IST" finished-at="2022-05-26T21:58:13 IST">
          <reporter-output>
          </reporter-output>
        </test-method> <!-- g -->
      </class> <!-- comGrid.MyGrid -->
    </test> <!-- Default test -->
  </suite> <!-- Default suite -->
</testng-results>
