<?xml version="1.0" encoding="UTF-8"?>
<!-- Generated by org.testng.reporters.JUnitXMLReporter -->
<testsuite hostname="DESKTOP-IKRVH90" ignored="4" name="download" tests="2" failures="0" timestamp="2022-05-15T22:17:20 IST" time="0.031" errors="0">
  <testcase name="fileuploadfunctionalityTest" time="0.003" classname="com.sample.SecondTestNG"/>
  <testcase name="fileuploadfunctionalityTest" time="0.005" classname="com.sample.FirstTestNG"/>
  <testcase name="@BeforeSuite hj" time="0.0" classname="com.sample.MyFather">
    <ignored/>
  </testcase> <!-- @BeforeSuite hj -->
  <testcase name="@AfterSuite hj1" time="0.0" classname="com.sample.MyFather">
    <ignored/>
  </testcase> <!-- @AfterSuite hj1 -->
  <testcase name="@AfterTest l" time="0.0" classname="com.sample.MyFather">
    <ignored/>
  </testcase> <!-- @AfterTest l -->
  <testcase name="@BeforeTest k" time="0.0" classname="com.sample.MyFather">
    <ignored/>
  </testcase> <!-- @BeforeTest k -->
</testsuite> <!-- download -->
