<?xml version="1.0" encoding="UTF-8"?>
<!-- Generated by org.testng.reporters.JUnitXMLReporter -->
<testsuite hostname="DESKTOP-IKRVH90" ignored="0" name="Test" tests="3" failures="0" timestamp="2022-05-15T22:03:23 IST" time="0.137" errors="0">
  <testcase name="fileuploadfunctionalityTest" time="0.016" classname="com.sample.SecondTestNG"/>
  <testcase name="Bread" time="0.002" classname="com.sample.FirstTestNG"/>
  <testcase name="fileuploadfunctionalityTest" time="0.003" classname="com.sample.FirstTestNG"/>
</testsuite> <!-- Test -->
