<?xml version="1.0" encoding="UTF-8"?>
<!-- Generated by org.testng.reporters.JUnitXMLReporter -->
<testsuite hostname="DESKTOP-IKRVH90" ignored="0" name="Upload" tests="3" failures="0" timestamp="2022-05-16T22:33:17 IST" time="20.809" errors="0">
  <testcase name="myTest66" time="6.16" classname="com.sample.FirstTestNG"/>
  <testcase name="myTest" time="6.1" classname="com.sample.FirstTestNG"/>
  <testcase name="myTest1" time="11.626" classname="com.sample.FirstTestNG"/>
</testsuite> <!-- Upload -->
